#
# There is insufficient memory for the Java Runtime Environment to continue.
# Native memory allocation (malloc) failed to allocate 1088576 bytes for Chunk::new
# Possible reasons:
#   The system is out of physical RAM or swap space
#   The process is running with CompressedOops enabled, and the Java Heap may be blocking the growth of the native heap
# Possible solutions:
#   Reduce memory load on the system
#   Increase physical memory or swap space
#   Check if swap backing store is full
#   Decrease Java heap size (-Xmx/-Xms)
#   Decrease number of Java threads
#   Decrease Java thread stack sizes (-Xss)
#   Set larger code cache with -XX:ReservedCodeCacheSize=
#   JVM is running with Unscaled Compressed Oops mode in which the Java heap is
#     placed in the first 4GB address space. The Java Heap base address is the
#     maximum limit for the native heap growth. Please use -XX:HeapBaseMinAddress
#     to set the Java Heap base and to place the Java Heap above 4GB virtual address.
# This output file may be truncated or incomplete.
#
#  Out of Memory Error (allocation.cpp:389), pid=22688, tid=0x000000000000420c
#
# JRE version: OpenJDK Runtime Environment (8.0_242-b01) (build 1.8.0_242-release-1644-b01)
# Java VM: OpenJDK 64-Bit Server VM (25.242-b01 mixed mode windows-amd64 compressed oops)
# Failed to write core dump. Minidumps are not enabled by default on client versions of Windows
#

---------------  T H R E A D  ---------------

Current thread (0x0000000019945800):  JavaThread "C2 CompilerThread2" daemon [_thread_in_native, id=16908, stack(0x000000001b780000,0x000000001b880000)]

Stack: [0x000000001b780000,0x000000001b880000]
[error occurred during error reporting (printing stack bounds), id 0xc0000005]

Native frames: (J=compiled Java code, j=interpreted, Vv=VM code, C=native code)


Current CompileTask:
C2: 530914 19822 %     4       com.android.tools.r8.ir.regalloc.a::a @ 683 (1761 bytes)


---------------  P R O C E S S  ---------------

Java Threads: ( => current thread )
  0x0000000020881000 JavaThread "stdout" [_thread_in_native, id=17872, stack(0x0000000037cf0000,0x0000000037df0000)]
  0x000000002087e000 JavaThread "stderr" [_thread_in_native, id=14544, stack(0x0000000037bf0000,0x0000000037cf0000)]
  0x0000000020880800 JavaThread "stdout" [_thread_in_native, id=12324, stack(0x0000000037af0000,0x0000000037bf0000)]
  0x000000002087d800 JavaThread "stderr" [_thread_in_native, id=2072, stack(0x00000000379f0000,0x0000000037af0000)]
  0x000000002087f000 JavaThread "stdout" [_thread_in_native, id=16684, stack(0x00000000378f0000,0x00000000379f0000)]
  0x000000002087c800 JavaThread "stderr" [_thread_in_native, id=22852, stack(0x00000000377f0000,0x00000000378f0000)]
  0x000000002087b000 JavaThread "stdout" [_thread_in_native, id=24328, stack(0x00000000376f0000,0x00000000377f0000)]
  0x000000002087f800 JavaThread "stderr" [_thread_in_native, id=25796, stack(0x00000000375f0000,0x00000000376f0000)]
  0x0000000020875000 JavaThread "stdout" [_thread_in_native, id=3124, stack(0x00000000374f0000,0x00000000375f0000)]
  0x0000000020873800 JavaThread "stderr" [_thread_in_native, id=11700, stack(0x00000000373f0000,0x00000000374f0000)]
  0x0000000020879800 JavaThread "stdout" [_thread_in_native, id=20412, stack(0x00000000370f0000,0x00000000371f0000)]
  0x0000000020872000 JavaThread "stderr" [_thread_in_native, id=24160, stack(0x0000000036ff0000,0x00000000370f0000)]
  0x0000000020879000 JavaThread "stdout" [_thread_in_native, id=15128, stack(0x0000000036ef0000,0x0000000036ff0000)]
  0x0000000020874800 JavaThread "stderr" [_thread_in_native, id=13896, stack(0x0000000036df0000,0x0000000036ef0000)]
  0x0000000020878000 JavaThread "stdout" [_thread_in_native, id=14564, stack(0x0000000036cf0000,0x0000000036df0000)]
  0x0000000020876800 JavaThread "stderr" [_thread_in_native, id=13004, stack(0x0000000036bf0000,0x0000000036cf0000)]
  0x0000000020876000 JavaThread "pool-4-thread-1" [_thread_blocked, id=13424, stack(0x00000000367f0000,0x00000000368f0000)]
  0x0000000020869000 JavaThread "WorkerExecutor Queue Thread 11" [_thread_blocked, id=26432, stack(0x00000000362f0000,0x00000000363f0000)]
  0x000000002086f000 JavaThread "WorkerExecutor Queue Thread 10" [_thread_blocked, id=13092, stack(0x00000000361f0000,0x00000000362f0000)]
  0x000000002086e800 JavaThread "MarlinRenderer Disposer" daemon [_thread_blocked, id=21668, stack(0x00000000360f0000,0x00000000361f0000)]
  0x000000002086d800 JavaThread "Java2D Disposer" daemon [_thread_blocked, id=11324, stack(0x0000000035ff0000,0x00000000360f0000)]
  0x000000002086a800 JavaThread "WorkerExecutor Queue Thread 8" [_thread_blocked, id=24232, stack(0x00000000357e0000,0x00000000358e0000)]
  0x0000000021e2c000 JavaThread "WorkerExecutor Queue Thread 5" [_thread_blocked, id=23948, stack(0x00000000355e0000,0x00000000356e0000)]
  0x0000000021e2b000 JavaThread "WorkerExecutor Queue Thread 4" [_thread_blocked, id=23328, stack(0x00000000354e0000,0x00000000355e0000)]
  0x0000000021e20800 JavaThread "Cache worker for execution history cache (C:\Users\andrew.cornish\AndroidStudioProjects\MyFirstApp\.gradle\6.5\executionHistory)" [_thread_blocked, id=16408, stack(0x0000000034dd0000,0x0000000034ed0000)]
  0x0000000021e27800 JavaThread "Execution worker for ':' Thread 15" [_thread_blocked, id=17420, stack(0x0000000034cd0000,0x0000000034dd0000)]
  0x0000000021e20000 JavaThread "Execution worker for ':' Thread 14" [_thread_blocked, id=12952, stack(0x0000000034bd0000,0x0000000034cd0000)]
  0x0000000021e26800 JavaThread "Execution worker for ':' Thread 13" [_thread_blocked, id=15432, stack(0x0000000034ad0000,0x0000000034bd0000)]
  0x0000000021e26000 JavaThread "Execution worker for ':' Thread 12" [_thread_blocked, id=24380, stack(0x00000000349d0000,0x0000000034ad0000)]
  0x0000000021e25000 JavaThread "Execution worker for ':' Thread 11" [_thread_blocked, id=24492, stack(0x00000000348d0000,0x00000000349d0000)]
  0x0000000021e23000 JavaThread "Execution worker for ':' Thread 10" [_thread_blocked, id=25756, stack(0x00000000347d0000,0x00000000348d0000)]
  0x0000000021e1e800 JavaThread "Execution worker for ':' Thread 9" [_thread_blocked, id=23952, stack(0x00000000346d0000,0x00000000347d0000)]
  0x0000000021e24800 JavaThread "Execution worker for ':' Thread 8" [_thread_blocked, id=18516, stack(0x00000000345d0000,0x00000000346d0000)]
  0x0000000021e23800 JavaThread "Execution worker for ':' Thread 7" [_thread_blocked, id=18380, stack(0x00000000344d0000,0x00000000345d0000)]
  0x0000000021e22000 JavaThread "Execution worker for ':' Thread 6" [_thread_blocked, id=26400, stack(0x00000000343d0000,0x00000000344d0000)]
  0x0000000021e1f000 JavaThread "Execution worker for ':' Thread 5" [_thread_blocked, id=3600, stack(0x00000000342d0000,0x00000000343d0000)]
  0x0000000026101800 JavaThread "Execution worker for ':' Thread 4" [_thread_blocked, id=24004, stack(0x0000000031430000,0x0000000031530000)]
  0x00000000260f9000 JavaThread "Execution worker for ':' Thread 3" [_thread_blocked, id=23728, stack(0x0000000030280000,0x0000000030380000)]
  0x0000000026100000 JavaThread "Execution worker for ':' Thread 2" [_thread_blocked, id=18580, stack(0x000000002f740000,0x000000002f840000)]
  0x0000000021812800 JavaThread "Execution worker for ':'" [_thread_blocked, id=16416, stack(0x000000002a3c0000,0x000000002a4c0000)]
  0x0000000021812000 JavaThread "Cache worker for file content cache (C:\Users\andrew.cornish\AndroidStudioProjects\MyFirstApp\.gradle\6.5\fileContent)" [_thread_blocked, id=12172, stack(0x000000002a2c0000,0x000000002a3c0000)]
  0x0000000021811000 JavaThread "Cache worker for Build Output Cleanup Cache (C:\Users\andrew.cornish\AndroidStudioProjects\MyFirstApp\.gradle\buildOutputCleanup)" [_thread_blocked, id=18852, stack(0x000000002f640000,0x000000002f740000)]
  0x000000002180f800 JavaThread "jar transforms Thread 184" [_thread_blocked, id=26364, stack(0x000000002f540000,0x000000002f640000)]
  0x0000000021810800 JavaThread "jar transforms Thread 183" [_thread_blocked, id=25076, stack(0x000000002f440000,0x000000002f540000)]
  0x000000002180e000 JavaThread "jar transforms Thread 182" [_thread_blocked, id=13432, stack(0x000000002f340000,0x000000002f440000)]
  0x000000002180f000 JavaThread "jar transforms Thread 181" [_thread_blocked, id=21052, stack(0x000000002f240000,0x000000002f340000)]
  0x000000002180d800 JavaThread "jar transforms Thread 180" [_thread_blocked, id=26388, stack(0x000000002ee40000,0x000000002ef40000)]
  0x0000000021806000 JavaThread "jar transforms Thread 179" [_thread_blocked, id=20068, stack(0x000000002ed40000,0x000000002ee40000)]
  0x000000002180c800 JavaThread "jar transforms Thread 178" [_thread_blocked, id=15688, stack(0x000000002ec40000,0x000000002ed40000)]
  0x0000000021805000 JavaThread "jar transforms Thread 177" [_thread_blocked, id=22568, stack(0x000000002eb40000,0x000000002ec40000)]
  0x000000002180c000 JavaThread "jar transforms Thread 176" [_thread_blocked, id=26316, stack(0x000000002ea40000,0x000000002eb40000)]
  0x0000000021809000 JavaThread "jar transforms Thread 175" [_thread_blocked, id=19344, stack(0x000000002e940000,0x000000002ea40000)]
  0x0000000021808000 JavaThread "jar transforms Thread 174" [_thread_blocked, id=20976, stack(0x000000002e840000,0x000000002e940000)]
  0x0000000021807800 JavaThread "jar transforms Thread 173" [_thread_blocked, id=21676, stack(0x000000002e740000,0x000000002e840000)]
  0x0000000021804800 JavaThread "jar transforms Thread 172" [_thread_blocked, id=6556, stack(0x000000002e640000,0x000000002e740000)]
  0x0000000021806800 JavaThread "jar transforms Thread 171" [_thread_blocked, id=15752, stack(0x000000002e540000,0x000000002e640000)]
  0x000000002180b000 JavaThread "jar transforms Thread 170" [_thread_blocked, id=18600, stack(0x000000002e440000,0x000000002e540000)]
  0x0000000021803800 JavaThread "jar transforms Thread 169" [_thread_blocked, id=23892, stack(0x000000002e340000,0x000000002e440000)]
  0x0000000021809800 JavaThread "jar transforms Thread 168" [_thread_blocked, id=3584, stack(0x000000002e240000,0x000000002e340000)]
  0x000000002180a800 JavaThread "jar transforms Thread 167" [_thread_blocked, id=24996, stack(0x000000002e140000,0x000000002e240000)]
  0x000000002132a800 JavaThread "jar transforms Thread 166" [_thread_blocked, id=26028, stack(0x000000002e040000,0x000000002e140000)]
  0x000000002132f000 JavaThread "jar transforms Thread 165" [_thread_blocked, id=18428, stack(0x000000002df40000,0x000000002e040000)]
  0x0000000021330800 JavaThread "jar transforms Thread 164" [_thread_blocked, id=16400, stack(0x000000002de40000,0x000000002df40000)]
  0x000000002132f800 JavaThread "jar transforms Thread 163" [_thread_blocked, id=6436, stack(0x000000002dd40000,0x000000002de40000)]
  0x000000002132d800 JavaThread "jar transforms Thread 162" [_thread_blocked, id=5372, stack(0x000000002dae0000,0x000000002dbe0000)]
  0x000000002132c800 JavaThread "jar transforms Thread 161" [_thread_blocked, id=13592, stack(0x000000002d9e0000,0x000000002dae0000)]
  0x000000002132c000 JavaThread "jar transforms Thread 160" [_thread_blocked, id=15700, stack(0x000000002d8e0000,0x000000002d9e0000)]
  0x000000002132e000 JavaThread "jar transforms Thread 159" [_thread_blocked, id=25384, stack(0x000000002d7e0000,0x000000002d8e0000)]
  0x000000002132b000 JavaThread "jar transforms Thread 158" [_thread_blocked, id=23488, stack(0x000000002d6e0000,0x000000002d7e0000)]
  0x0000000021323000 JavaThread "jar transforms Thread 157" [_thread_blocked, id=9724, stack(0x000000002d5e0000,0x000000002d6e0000)]
  0x0000000021329800 JavaThread "jar transforms Thread 156" [_thread_blocked, id=1948, stack(0x000000002d4e0000,0x000000002d5e0000)]
  0x0000000021323800 JavaThread "jar transforms Thread 155" [_thread_blocked, id=3196, stack(0x000000002d3e0000,0x000000002d4e0000)]
  0x0000000021322000 JavaThread "jar transforms Thread 154" [_thread_blocked, id=7564, stack(0x000000002d2e0000,0x000000002d3e0000)]
  0x0000000021329000 JavaThread "jar transforms Thread 153" [_thread_blocked, id=9148, stack(0x000000002d1e0000,0x000000002d2e0000)]
  0x0000000021326000 JavaThread "jar transforms Thread 152" [_thread_blocked, id=26160, stack(0x000000002d0e0000,0x000000002d1e0000)]
  0x0000000021326800 JavaThread "jar transforms Thread 151" [_thread_blocked, id=12164, stack(0x000000002cfe0000,0x000000002d0e0000)]
  0x0000000021325000 JavaThread "jar transforms Thread 150" [_thread_blocked, id=26228, stack(0x000000002cee0000,0x000000002cfe0000)]
  0x0000000021324800 JavaThread "jar transforms Thread 149" [_thread_blocked, id=13820, stack(0x000000002cde0000,0x000000002cee0000)]
  0x0000000021321800 JavaThread "jar transforms Thread 148" [_thread_blocked, id=9232, stack(0x000000002ca50000,0x000000002cb50000)]
  0x0000000021327800 JavaThread "jar transforms Thread 147" [_thread_blocked, id=5852, stack(0x000000002c950000,0x000000002ca50000)]
  0x0000000021328000 JavaThread "jar transforms Thread 146" [_thread_blocked, id=25668, stack(0x000000002c850000,0x000000002c950000)]
  0x000000001e99c800 JavaThread "jar transforms Thread 145" [_thread_blocked, id=14620, stack(0x000000002c750000,0x000000002c850000)]
  0x000000001e9a3000 JavaThread "jar transforms Thread 144" [_thread_blocked, id=21432, stack(0x000000002c650000,0x000000002c750000)]
  0x000000001e9a2800 JavaThread "jar transforms Thread 143" [_thread_blocked, id=9164, stack(0x000000002c550000,0x000000002c650000)]
  0x000000001e99b800 JavaThread "jar transforms Thread 142" [_thread_blocked, id=18456, stack(0x000000002c450000,0x000000002c550000)]
  0x000000001e9a1000 JavaThread "jar transforms Thread 141" [_thread_blocked, id=24808, stack(0x000000002c350000,0x000000002c450000)]
  0x000000001e9a1800 JavaThread "jar transforms Thread 140" [_thread_blocked, id=24848, stack(0x000000002c250000,0x000000002c350000)]
  0x000000001e9a0000 JavaThread "jar transforms Thread 139" [_thread_blocked, id=25304, stack(0x000000002c150000,0x000000002c250000)]
  0x000000001e99d000 JavaThread "jar transforms Thread 138" [_thread_blocked, id=11736, stack(0x000000002c050000,0x000000002c150000)]
  0x000000001e99f800 JavaThread "jar transforms Thread 137" [_thread_blocked, id=25328, stack(0x000000002bf50000,0x000000002c050000)]
  0x000000001e99e800 JavaThread "jar transforms Thread 136" [_thread_blocked, id=14212, stack(0x000000002be50000,0x000000002bf50000)]
  0x000000001e99e000 JavaThread "jar transforms Thread 135" [_thread_blocked, id=8584, stack(0x000000002bd50000,0x000000002be50000)]
  0x000000001e994000 JavaThread "jar transforms Thread 134" [_thread_blocked, id=21516, stack(0x000000002bc50000,0x000000002bd50000)]
  0x000000001e99b000 JavaThread "jar transforms Thread 133" [_thread_blocked, id=26148, stack(0x000000002bb50000,0x000000002bc50000)]
  0x000000001e99a000 JavaThread "jar transforms Thread 132" [_thread_blocked, id=26360, stack(0x000000002ba50000,0x000000002bb50000)]
  0x000000001e999800 JavaThread "jar transforms Thread 131" [_thread_blocked, id=26064, stack(0x000000002b950000,0x000000002ba50000)]
  0x000000001e997000 JavaThread "jar transforms Thread 130" [_thread_blocked, id=15740, stack(0x000000002b850000,0x000000002b950000)]
  0x000000001e995000 JavaThread "jar transforms Thread 129" [_thread_blocked, id=8160, stack(0x000000002b750000,0x000000002b850000)]
  0x000000001e996800 JavaThread "jar transforms Thread 128" [_thread_blocked, id=2884, stack(0x000000002b650000,0x000000002b750000)]
  0x000000001e995800 JavaThread "jar transforms Thread 127" [_thread_blocked, id=24704, stack(0x000000002b550000,0x000000002b650000)]
  0x000000001e998800 JavaThread "jar transforms Thread 126" [_thread_blocked, id=20328, stack(0x000000002b450000,0x000000002b550000)]
  0x000000001e998000 JavaThread "jar transforms Thread 125" [_thread_blocked, id=14868, stack(0x000000002b350000,0x000000002b450000)]
  0x0000000027111000 JavaThread "jar transforms Thread 124" [_thread_blocked, id=17460, stack(0x000000002b250000,0x000000002b350000)]
  0x0000000027114000 JavaThread "jar transforms Thread 123" [_thread_blocked, id=4472, stack(0x000000002b150000,0x000000002b250000)]
  0x0000000027112800 JavaThread "jar transforms Thread 122" [_thread_blocked, id=26216, stack(0x000000002b050000,0x000000002b150000)]
  0x0000000027113000 JavaThread "jar transforms Thread 121" [_thread_blocked, id=26484, stack(0x000000002af50000,0x000000002b050000)]
  0x0000000027117000 JavaThread "jar transforms Thread 120" [_thread_blocked, id=3736, stack(0x000000002ae50000,0x000000002af50000)]
  0x0000000027111800 JavaThread "jar transforms Thread 119" [_thread_blocked, id=26524, stack(0x000000002ad50000,0x000000002ae50000)]
  0x0000000027116000 JavaThread "jar transforms Thread 118" [_thread_blocked, id=13308, stack(0x000000002ac50000,0x000000002ad50000)]
  0x0000000027114800 JavaThread "jar transforms Thread 117" [_thread_blocked, id=26456, stack(0x000000002ab50000,0x000000002ac50000)]
  0x0000000027115800 JavaThread "jar transforms Thread 116" [_thread_blocked, id=26336, stack(0x000000002aa50000,0x000000002ab50000)]
  0x0000000027109800 JavaThread "jar transforms Thread 115" [_thread_blocked, id=25256, stack(0x000000002a950000,0x000000002aa50000)]
  0x0000000027110000 JavaThread "jar transforms Thread 114" [_thread_blocked, id=21352, stack(0x000000002a850000,0x000000002a950000)]
  0x000000002710f800 JavaThread "jar transforms Thread 113" [_thread_blocked, id=13816, stack(0x000000002a750000,0x000000002a850000)]
  0x000000002710e800 JavaThread "jar transforms Thread 112" [_thread_blocked, id=25760, stack(0x000000002a650000,0x000000002a750000)]
  0x000000002710e000 JavaThread "jar transforms Thread 111" [_thread_blocked, id=16572, stack(0x000000002a550000,0x000000002a650000)]
  0x000000002710d000 JavaThread "jar transforms Thread 110" [_thread_blocked, id=22356, stack(0x000000002a1c0000,0x000000002a2c0000)]
  0x0000000027108800 JavaThread "jar transforms Thread 109" [_thread_blocked, id=22128, stack(0x000000002a0c0000,0x000000002a1c0000)]
  0x000000002710c800 JavaThread "jar transforms Thread 108" [_thread_blocked, id=25660, stack(0x0000000029fc0000,0x000000002a0c0000)]
  0x0000000027108000 JavaThread "jar transforms Thread 107" [_thread_blocked, id=22468, stack(0x0000000029ec0000,0x0000000029fc0000)]
  0x000000002710b000 JavaThread "jar transforms Thread 106" [_thread_blocked, id=24608, stack(0x0000000029dc0000,0x0000000029ec0000)]
  0x000000002710a000 JavaThread "jar transforms Thread 105" [_thread_blocked, id=11104, stack(0x0000000029cc0000,0x0000000029dc0000)]
  0x000000002710b800 JavaThread "jar transforms Thread 104" [_thread_blocked, id=9448, stack(0x0000000029bc0000,0x0000000029cc0000)]
  0x000000001995f000 JavaThread "jar transforms Thread 103" [_thread_blocked, id=2684, stack(0x0000000029ac0000,0x0000000029bc0000)]
  0x0000000026104800 JavaThread "jar transforms Thread 102" [_thread_blocked, id=18936, stack(0x00000000299c0000,0x0000000029ac0000)]
  0x0000000026103800 JavaThread "jar transforms Thread 101" [_thread_blocked, id=15224, stack(0x0000000028680000,0x0000000028780000)]
  0x0000000026103000 JavaThread "jar transforms Thread 100" [_thread_blocked, id=24584, stack(0x0000000025bc0000,0x0000000025cc0000)]
  0x0000000026105000 JavaThread "jar transforms Thread 99" [_thread_blocked, id=25780, stack(0x00000000252c0000,0x00000000253c0000)]
  0x0000000026106800 JavaThread "jar transforms Thread 98" [_thread_blocked, id=25604, stack(0x00000000251c0000,0x00000000252c0000)]
  0x0000000026106000 JavaThread "jar transforms Thread 97" [_thread_blocked, id=25868, stack(0x00000000250c0000,0x00000000251c0000)]
  0x00000000260fb800 JavaThread "jar transforms Thread 96" [_thread_blocked, id=22868, stack(0x0000000024dc0000,0x0000000024ec0000)]
  0x0000000026102000 JavaThread "jar transforms Thread 95" [_thread_blocked, id=23864, stack(0x0000000024cc0000,0x0000000024dc0000)]
  0x00000000260fa800 JavaThread "jar transforms Thread 94" [_thread_blocked, id=1368, stack(0x0000000024bc0000,0x0000000024cc0000)]
  0x000000001c6b3800 JavaThread "jar transforms Thread 93" [_thread_blocked, id=14520, stack(0x0000000024ac0000,0x0000000024bc0000)]
  0x000000001c6b2800 JavaThread "Build operations Thread 16" [_thread_blocked, id=26600, stack(0x00000000249c0000,0x0000000024ac0000)]
  0x000000001c6b2000 JavaThread "Build operations Thread 15" [_thread_blocked, id=4960, stack(0x00000000248c0000,0x00000000249c0000)]
  0x000000001c6b1000 JavaThread "Build operations Thread 14" [_thread_blocked, id=3504, stack(0x00000000247c0000,0x00000000248c0000)]
  0x000000001c6b0800 JavaThread "Build operations Thread 13" [_thread_blocked, id=23680, stack(0x00000000246c0000,0x00000000247c0000)]
  0x000000001c6b4000 JavaThread "Build operations Thread 12" [_thread_blocked, id=3052, stack(0x00000000245c0000,0x00000000246c0000)]
  0x000000001c6b5000 JavaThread "Build operations Thread 11" [_thread_blocked, id=7404, stack(0x00000000244c0000,0x00000000245c0000)]
  0x000000001c6a7800 JavaThread "Build operations Thread 10" [_thread_blocked, id=21384, stack(0x00000000243c0000,0x00000000244c0000)]
  0x000000001c6a6000 JavaThread "Build operations Thread 9" [_thread_blocked, id=1372, stack(0x00000000242c0000,0x00000000243c0000)]
  0x000000001c6ac000 JavaThread "Build operations Thread 8" [_thread_blocked, id=23224, stack(0x00000000241c0000,0x00000000242c0000)]
  0x0000000026fa3000 JavaThread "Build operations Thread 7" [_thread_blocked, id=21472, stack(0x00000000240c0000,0x00000000241c0000)]
  0x0000000026fa2800 JavaThread "Build operations Thread 6" [_thread_blocked, id=17892, stack(0x0000000023fc0000,0x00000000240c0000)]
  0x0000000026fa1000 JavaThread "Build operations Thread 5" [_thread_blocked, id=26156, stack(0x0000000023ec0000,0x0000000023fc0000)]
  0x0000000026f9f800 JavaThread "Build operations Thread 4" [_thread_blocked, id=25924, stack(0x0000000023dc0000,0x0000000023ec0000)]
  0x0000000026fa0000 JavaThread "Build operations Thread 3" [_thread_blocked, id=15644, stack(0x0000000023cc0000,0x0000000023dc0000)]
  0x0000000026fa1800 JavaThread "Build operations Thread 2" [_thread_blocked, id=18096, stack(0x0000000023bc0000,0x0000000023cc0000)]
  0x0000000026f9e800 JavaThread "Build operations" [_thread_blocked, id=15832, stack(0x0000000022a40000,0x0000000022b40000)]
  0x0000000026f96800 JavaThread "Cache worker for cache directory md-rule (C:\Users\andrew.cornish\.gradle\caches\6.5\md-rule)" [_thread_blocked, id=3780, stack(0x0000000022940000,0x0000000022a40000)]
  0x0000000026f98000 JavaThread "Cache worker for cache directory md-supplier (C:\Users\andrew.cornish\.gradle\caches\6.5\md-supplier)" [_thread_blocked, id=24636, stack(0x000000001ffa0000,0x00000000200a0000)]
  0x0000000026f9c800 JavaThread "Cache worker for checksums cache (C:\Users\andrew.cornish\AndroidStudioProjects\MyFirstApp\.gradle\checksums)" [_thread_blocked, id=6248, stack(0x000000001fca0000,0x000000001fda0000)]
  0x0000000026f9d000 JavaThread "Cache worker for file hash cache (C:\Users\andrew.cornish\AndroidStudioProjects\MyFirstApp\.gradle\6.5\fileHashes)" [_thread_blocked, id=26596, stack(0x000000001fba0000,0x000000001fca0000)]
  0x0000000026f95000 JavaThread "Thread-150" [_thread_blocked, id=24976, stack(0x000000001faa0000,0x000000001fba0000)]
  0x0000000026f9b000 JavaThread "Stdin handler" [_thread_blocked, id=19972, stack(0x000000001f9a0000,0x000000001faa0000)]
  0x0000000026f97000 JavaThread "Asynchronous log dispatcher for DefaultDaemonConnection: socket connection from /127.0.0.1:50121 to /127.0.0.1:51213" [_thread_blocked, id=14892, stack(0x000000001f360000,0x000000001f460000)]
  0x0000000026f9a000 JavaThread "Daemon worker Thread 2" [_thread_blocked, id=7104, stack(0x000000001f260000,0x000000001f360000)]
  0x0000000026f9b800 JavaThread "Cancel handler" [_thread_blocked, id=7260, stack(0x0000000000c90000,0x0000000000d90000)]
  0x0000000026f95800 JavaThread "Handler for socket connection from /127.0.0.1:50121 to /127.0.0.1:51213" [_thread_in_native, id=23584, stack(0x0000000000b90000,0x0000000000c90000)]
  0x0000000026f99800 JavaThread "Daemon Thread 2" [_thread_blocked, id=3472, stack(0x0000000000a90000,0x0000000000b90000)]
  0x00000000260fd000 JavaThread "Memory manager" [_thread_blocked, id=1700, stack(0x000000002f140000,0x000000002f240000)]
  0x000000001c6a9800 JavaThread "Cache worker for file content cache (C:\Users\andrew.cornish\.gradle\caches\6.5\fileContent)" [_thread_blocked, id=25040, stack(0x0000000025ac0000,0x0000000025bc0000)]
  0x000000001c6aa800 JavaThread "Cache worker for execution history cache (C:\Users\andrew.cornish\.gradle\caches\6.5\executionHistory)" [_thread_blocked, id=17084, stack(0x00000000255c0000,0x00000000256c0000)]
  0x000000001995c000 JavaThread "Cache worker for file hash cache (C:\Users\andrew.cornish\.gradle\caches\6.5\fileHashes)" [_thread_blocked, id=19536, stack(0x00000000204a0000,0x00000000205a0000)]
  0x0000000019963000 JavaThread "File lock request listener" [_thread_in_native, id=25132, stack(0x00000000203a0000,0x00000000204a0000)]
  0x000000001e440800 JavaThread "Cache worker for journal cache (C:\Users\andrew.cornish\.gradle\caches\journal-1)" [_thread_blocked, id=21876, stack(0x00000000202a0000,0x00000000203a0000)]
  0x000000001e1c1800 JavaThread "Daemon periodic checks" [_thread_blocked, id=4624, stack(0x000000001f6a0000,0x000000001f7a0000)]
  0x000000001e19b000 JavaThread "Incoming local TCP Connector on port 50121" [_thread_in_native, id=26100, stack(0x000000001f460000,0x000000001f560000)]
  0x000000001e12d800 JavaThread "Daemon health stats" [_thread_blocked, id=26124, stack(0x000000001ee20000,0x000000001ef20000)]
  0x0000000019a26000 JavaThread "Service Thread" daemon [_thread_blocked, id=26260, stack(0x000000001c280000,0x000000001c380000)]
  0x000000001995d000 JavaThread "C1 CompilerThread11" daemon [_thread_blocked, id=26264, stack(0x000000001c180000,0x000000001c280000)]
  0x0000000019962000 JavaThread "C1 CompilerThread10" daemon [_thread_blocked, id=26244, stack(0x000000001c080000,0x000000001c180000)]
  0x0000000019960000 JavaThread "C1 CompilerThread9" daemon [_thread_blocked, id=26240, stack(0x000000001be80000,0x000000001bf80000)]
  0x0000000019960800 JavaThread "C1 CompilerThread8" daemon [_thread_blocked, id=26236, stack(0x000000001bd80000,0x000000001be80000)]
  0x000000001995d800 JavaThread "C2 CompilerThread7" daemon [_thread_in_native, id=26224, stack(0x000000001bc80000,0x000000001bd80000)]
  0x0000000019961800 JavaThread "C2 CompilerThread6" daemon [_thread_blocked, id=26220, stack(0x000000001bb80000,0x000000001bc80000)]
  0x000000001995e800 JavaThread "C2 CompilerThread5" daemon [_thread_in_native, id=26372, stack(0x000000001ba80000,0x000000001bb80000)]
  0x000000001994f800 JavaThread "C2 CompilerThread4" daemon [_thread_in_native, id=24856, stack(0x000000001b980000,0x000000001ba80000)]
  0x0000000019949800 JavaThread "C2 CompilerThread3" daemon [_thread_in_native, id=25240, stack(0x000000001b880000,0x000000001b980000)]
=>0x0000000019945800 JavaThread "C2 CompilerThread2" daemon [_thread_in_native, id=16908, stack(0x000000001b780000,0x000000001b880000)]
  0x0000000019944800 JavaThread "C2 CompilerThread1" daemon [_thread_in_native, id=12092, stack(0x000000001b680000,0x000000001b780000)]
  0x0000000019943000 JavaThread "C2 CompilerThread0" daemon [_thread_in_native, id=3836, stack(0x000000001b580000,0x000000001b680000)]
  0x0000000019942000 JavaThread "Attach Listener" daemon [_thread_blocked, id=22856, stack(0x000000001b480000,0x000000001b580000)]
  0x000000001993d800 JavaThread "Signal Dispatcher" daemon [_thread_blocked, id=24224, stack(0x000000001b380000,0x000000001b480000)]
  0x0000000017eb5000 JavaThread "Finalizer" daemon [_thread_blocked, id=24700, stack(0x000000001b180000,0x000000001b280000)]
  0x0000000019926000 JavaThread "Reference Handler" daemon [_thread_blocked, id=14660, stack(0x000000001b080000,0x000000001b180000)]
  0x0000000002842800 JavaThread "main" [_thread_blocked, id=14576, stack(0x0000000002740000,0x0000000002840000)]

Other Threads:
  0x0000000019904000 VMThread [stack: 0x000000001af80000,0x000000001b080000] [id=24460]
  0x0000000019a28800 WatcherThread [stack: 0x000000001c380000,0x000000001c480000] [id=26268]

VM state:at safepoint (normal execution)

VM Mutex/Monitor currently owned by a thread:  ([mutex/lock_event])
[0x00000000008bd1e0] Threads_lock - owner thread: 0x0000000019904000
[0x00000000008bcce0] Heap_lock - owner thread: 0x000000001c6a7800

heap address: 0x0000000080000000, size: 2048 MB, Compressed Oops mode: 32-bit
Narrow klass base: 0x0000000000000000, Narrow klass shift: 3
Compressed class space size: 1073741824 Address: 0x0000000100000000

Heap:
 PSYoungGen      total 598528K, used 577043K [0x00000000d5580000, 0x0000000100000000, 0x0000000100000000)
  eden space 510464K, 100% used [0x00000000d5580000,0x00000000f4800000,0x00000000f4800000)
  from space 88064K, 75% used [0x00000000faa00000,0x00000000feb04da8,0x0000000100000000)
  to   space 94208K, 40% used [0x00000000f4800000,0x00000000f6cfd9d0,0x00000000fa400000)
 ParOldGen       total 756736K, used 151276K [0x0000000080000000, 0x00000000ae300000, 0x00000000d5580000)
  object space 756736K, 19% used [0x0000000080000000,0x00000000893bb370,0x00000000ae300000)
 Metaspace       used 109725K, capacity 117062K, committed 117324K, reserved 1150976K
  class space    used 14343K, capacity 15684K, committed 15732K, reserved 1048576K

Card table byte_map: [0x0000000011d00000,0x0000000012110000] byte_map_base: 0x0000000011900000

Marking Bits: (ParMarkBitMap*) 0x000000006a62f030
 Begin Bits: [0x00000000130c0000, 0x00000000150c0000)
 End Bits:   [0x00000000150c0000, 0x00000000170c0000)

Polling page: 0x0000000000890000

CodeCache: size=245760Kb used=63741Kb max_used=63741Kb free=182018Kb
 bounds [0x0000000002940000, 0x00000000067d0000, 0x0000000011940000]
 total_blobs=19229 nmethods=18201 adapters=937
 compilation: enabled

Compilation events (10 events):
Event: 530.877 Thread 0x000000001995d000 21954       2       com.android.tools.r8.graph.P::a (6 bytes)
Event: 530.877 Thread 0x000000001995d000 nmethod 21954 0x00000000067c5e10 code [0x00000000067c5f60, 0x00000000067c60d0]
Event: 530.877 Thread 0x0000000019960000 21955       2       com.android.tools.r8.graph.F0::f (13 bytes)
Event: 530.877 Thread 0x0000000019960000 nmethod 21955 0x00000000067c6150 code [0x00000000067c62a0, 0x00000000067c6410]
Event: 530.878 Thread 0x0000000019960800 21956       2       com.android.tools.r8.code.g3::a (11 bytes)
Event: 530.878 Thread 0x0000000019960800 nmethod 21956 0x00000000067c6490 code [0x00000000067c6600, 0x00000000067c6788]
Event: 530.879 Thread 0x0000000019962000 21957       2       com.android.tools.r8.code.k3::a (11 bytes)
Event: 530.879 Thread 0x000000001995d000 21958       2       com.android.tools.r8.s.a.i.a$$Lambda$2104/1122424037::apply (8 bytes)
Event: 530.879 Thread 0x0000000019962000 nmethod 21957 0x00000000067c6850 code [0x00000000067c69c0, 0x00000000067c6b48]
Event: 530.879 Thread 0x000000001995d000 nmethod 21958 0x00000000067c6c10 code [0x00000000067c6d80, 0x00000000067c6f28]

GC Heap History (10 events):
Event: 528.128 GC heap after
Heap after GC invocations=16 (full 4):
 PSYoungGen      total 396288K, used 26774K [0x00000000d5580000, 0x00000000f2a00000, 0x0000000100000000)
  eden space 346112K, 0% used [0x00000000d5580000,0x00000000d5580000,0x00000000ea780000)
  from space 50176K, 53% used [0x00000000ed700000,0x00000000ef1258e0,0x00000000f0800000)
  to   space 48640K, 0% used [0x00000000ea780000,0x00000000ea780000,0x00000000ed700000)
 ParOldGen       total 756736K, used 56919K [0x0000000080000000, 0x00000000ae300000, 0x00000000d5580000)
  object space 756736K, 7% used [0x0000000080000000,0x0000000083795ce0,0x00000000ae300000)
 Metaspace       used 99702K, capacity 104238K, committed 106188K, reserved 1140736K
  class space    used 12886K, capacity 13858K, committed 14324K, reserved 1048576K
}
Event: 528.753 GC heap before
{Heap before GC invocations=17 (full 4):
 PSYoungGen      total 396288K, used 372886K [0x00000000d5580000, 0x00000000f2a00000, 0x0000000100000000)
  eden space 346112K, 100% used [0x00000000d5580000,0x00000000ea780000,0x00000000ea780000)
  from space 50176K, 53% used [0x00000000ed700000,0x00000000ef1258e0,0x00000000f0800000)
  to   space 48640K, 0% used [0x00000000ea780000,0x00000000ea780000,0x00000000ed700000)
 ParOldGen       total 756736K, used 56919K [0x0000000080000000, 0x00000000ae300000, 0x00000000d5580000)
  object space 756736K, 7% used [0x0000000080000000,0x0000000083795ce0,0x00000000ae300000)
 Metaspace       used 101930K, capacity 107524K, committed 107852K, reserved 1142784K
  class space    used 13256K, capacity 14365K, committed 14452K, reserved 1048576K
Event: 528.780 GC heap after
Heap after GC invocations=17 (full 4):
 PSYoungGen      total 394752K, used 48610K [0x00000000d5580000, 0x00000000f6380000, 0x0000000100000000)
  eden space 346112K, 0% used [0x00000000d5580000,0x00000000d5580000,0x00000000ea780000)
  from space 48640K, 99% used [0x00000000ea780000,0x00000000ed6f8b68,0x00000000ed700000)
  to   space 57856K, 0% used [0x00000000f2b00000,0x00000000f2b00000,0x00000000f6380000)
 ParOldGen       total 756736K, used 63118K [0x0000000080000000, 0x00000000ae300000, 0x00000000d5580000)
  object space 756736K, 8% used [0x0000000080000000,0x0000000083da3bd8,0x00000000ae300000)
 Metaspace       used 101930K, capacity 107524K, committed 107852K, reserved 1142784K
  class space    used 13256K, capacity 14365K, committed 14452K, reserved 1048576K
}
Event: 529.510 GC heap before
{Heap before GC invocations=18 (full 4):
 PSYoungGen      total 394752K, used 394722K [0x00000000d5580000, 0x00000000f6380000, 0x0000000100000000)
  eden space 346112K, 100% used [0x00000000d5580000,0x00000000ea780000,0x00000000ea780000)
  from space 48640K, 99% used [0x00000000ea780000,0x00000000ed6f8b68,0x00000000ed700000)
  to   space 57856K, 0% used [0x00000000f2b00000,0x00000000f2b00000,0x00000000f6380000)
 ParOldGen       total 756736K, used 63118K [0x0000000080000000, 0x00000000ae300000, 0x00000000d5580000)
  object space 756736K, 8% used [0x0000000080000000,0x0000000083da3bd8,0x00000000ae300000)
 Metaspace       used 107706K, capacity 114500K, committed 114764K, reserved 1148928K
  class space    used 14129K, capacity 15433K, committed 15476K, reserved 1048576K
Event: 529.558 GC heap after
Heap after GC invocations=18 (full 4):
 PSYoungGen      total 460288K, used 57834K [0x00000000d5580000, 0x00000000fa400000, 0x0000000100000000)
  eden space 402432K, 0% used [0x00000000d5580000,0x00000000d5580000,0x00000000ede80000)
  from space 57856K, 99% used [0x00000000f2b00000,0x00000000f637aa68,0x00000000f6380000)
  to   space 78336K, 0% used [0x00000000ede80000,0x00000000ede80000,0x00000000f2b00000)
 ParOldGen       total 756736K, used 96525K [0x0000000080000000, 0x00000000ae300000, 0x00000000d5580000)
  object space 756736K, 12% used [0x0000000080000000,0x0000000085e43790,0x00000000ae300000)
 Metaspace       used 107706K, capacity 114500K, committed 114764K, reserved 1148928K
  class space    used 14129K, capacity 15433K, committed 15476K, reserved 1048576K
}
Event: 530.029 GC heap before
{Heap before GC invocations=19 (full 4):
 PSYoungGen      total 460288K, used 460266K [0x00000000d5580000, 0x00000000fa400000, 0x0000000100000000)
  eden space 402432K, 100% used [0x00000000d5580000,0x00000000ede80000,0x00000000ede80000)
  from space 57856K, 99% used [0x00000000f2b00000,0x00000000f637aa68,0x00000000f6380000)
  to   space 78336K, 0% used [0x00000000ede80000,0x00000000ede80000,0x00000000f2b00000)
 ParOldGen       total 756736K, used 96525K [0x0000000080000000, 0x00000000ae300000, 0x00000000d5580000)
  object space 756736K, 12% used [0x0000000080000000,0x0000000085e43790,0x00000000ae300000)
 Metaspace       used 109145K, capacity 116144K, committed 116300K, reserved 1150976K
  class space    used 14295K, capacity 15617K, committed 15732K, reserved 1048576K
Event: 530.068 GC heap after
Heap after GC invocations=19 (full 4):
 PSYoungGen      total 480768K, used 72343K [0x00000000d5580000, 0x0000000100000000, 0x0000000100000000)
  eden space 402432K, 0% used [0x00000000d5580000,0x00000000d5580000,0x00000000ede80000)
  from space 78336K, 92% used [0x00000000ede80000,0x00000000f2525ee8,0x00000000f2b00000)
  to   space 88064K, 0% used [0x00000000faa00000,0x00000000faa00000,0x0000000100000000)
 ParOldGen       total 756736K, used 96533K [0x0000000080000000, 0x00000000ae300000, 0x00000000d5580000)
  object space 756736K, 12% used [0x0000000080000000,0x0000000085e45790,0x00000000ae300000)
 Metaspace       used 109145K, capacity 116144K, committed 116300K, reserved 1150976K
  class space    used 14295K, capacity 15617K, committed 15732K, reserved 1048576K
}
Event: 530.422 GC heap before
{Heap before GC invocations=20 (full 4):
 PSYoungGen      total 480768K, used 474775K [0x00000000d5580000, 0x0000000100000000, 0x0000000100000000)
  eden space 402432K, 100% used [0x00000000d5580000,0x00000000ede80000,0x00000000ede80000)
  from space 78336K, 92% used [0x00000000ede80000,0x00000000f2525ee8,0x00000000f2b00000)
  to   space 88064K, 0% used [0x00000000faa00000,0x00000000faa00000,0x0000000100000000)
 ParOldGen       total 756736K, used 96533K [0x0000000080000000, 0x00000000ae300000, 0x00000000d5580000)
  object space 756736K, 12% used [0x0000000080000000,0x0000000085e45790,0x00000000ae300000)
 Metaspace       used 109474K, capacity 116764K, committed 117068K, reserved 1150976K
  class space    used 14340K, capacity 15683K, committed 15732K, reserved 1048576K
Event: 530.485 GC heap after
Heap after GC invocations=20 (full 4):
 PSYoungGen      total 598528K, used 66579K [0x00000000d5580000, 0x0000000100000000, 0x0000000100000000)
  eden space 510464K, 0% used [0x00000000d5580000,0x00000000d5580000,0x00000000f4800000)
  from space 88064K, 75% used [0x00000000faa00000,0x00000000feb04da8,0x0000000100000000)
  to   space 94208K, 0% used [0x00000000f4800000,0x00000000f4800000,0x00000000fa400000)
 ParOldGen       total 756736K, used 115117K [0x0000000080000000, 0x00000000ae300000, 0x00000000d5580000)
  object space 756736K, 15% used [0x0000000080000000,0x000000008706b7f8,0x00000000ae300000)
 Metaspace       used 109474K, capacity 116764K, committed 117068K, reserved 1150976K
  class space    used 14340K, capacity 15683K, committed 15732K, reserved 1048576K
}
Event: 530.880 GC heap before
{Heap before GC invocations=21 (full 4):
 PSYoungGen      total 598528K, used 577043K [0x00000000d5580000, 0x0000000100000000, 0x0000000100000000)
  eden space 510464K, 100% used [0x00000000d5580000,0x00000000f4800000,0x00000000f4800000)
  from space 88064K, 75% used [0x00000000faa00000,0x00000000feb04da8,0x0000000100000000)
  to   space 94208K, 0% used [0x00000000f4800000,0x00000000f4800000,0x00000000fa400000)
 ParOldGen       total 756736K, used 115117K [0x0000000080000000, 0x00000000ae300000, 0x00000000d5580000)
  object space 756736K, 15% used [0x0000000080000000,0x000000008706b7f8,0x00000000ae300000)
 Metaspace       used 109725K, capacity 117062K, committed 117324K, reserved 1150976K
  class space    used 14343K, capacity 15684K, committed 15732K, reserved 1048576K

Deoptimization events (10 events):
Event: 530.583 Thread 0x000000001c6ac000 Uncommon trap: reason=unstable_if action=reinterpret pc=0x000000000482a634 method=com.android.tools.r8.z.a.a.f.a(II[C)Ljava/lang/String; @ 32
Event: 530.583 Thread 0x000000001c6ac000 Uncommon trap: reason=unstable_if action=reinterpret pc=0x00000000045ba8c8 method=com.android.tools.r8.z.a.a.f.a(II[C)Ljava/lang/String; @ 32
Event: 530.638 Thread 0x000000001c6b5000 Uncommon trap: reason=bimorphic action=maybe_recompile pc=0x0000000005c2d530 method=com.android.tools.r8.s.b.s1.a(Lcom/android/tools/r8/s/a/p/u;)Lcom/android/tools/r8/s/b/s1; @ 23
Event: 530.685 Thread 0x000000001c6ac000 Uncommon trap: reason=unstable_if action=reinterpret pc=0x00000000060f3620 method=com.android.tools.r8.graph.i0.a([C)I @ 44
Event: 530.702 Thread 0x000000001c6ac000 Uncommon trap: reason=bimorphic action=maybe_recompile pc=0x0000000006680800 method=com.android.tools.r8.ir.optimize.a0.a(Lcom/android/tools/r8/s/b/X;Lcom/android/tools/r8/ir/regalloc/e;I)V @ 904
Event: 530.772 Thread 0x000000001c6ac000 Uncommon trap: reason=bimorphic action=maybe_recompile pc=0x0000000006680800 method=com.android.tools.r8.ir.optimize.a0.a(Lcom/android/tools/r8/s/b/X;Lcom/android/tools/r8/ir/regalloc/e;I)V @ 904
Event: 530.786 Thread 0x000000001c6ac000 Uncommon trap: reason=class_check action=maybe_recompile pc=0x00000000067aa374 method=com.android.tools.r8.s.a.h.e.b(Lcom/android/tools/r8/s/b/k0;)V @ 142
Event: 530.787 Thread 0x000000001c6ac000 Uncommon trap: reason=class_check action=maybe_recompile pc=0x00000000067aa374 method=com.android.tools.r8.s.a.h.e.b(Lcom/android/tools/r8/s/b/k0;)V @ 142
Event: 530.864 Thread 0x000000001c6b2000 Uncommon trap: reason=class_check action=maybe_recompile pc=0x00000000065c52ac method=com.android.tools.r8.ir.optimize.r.a(Lcom/android/tools/r8/s/b/X;Lcom/android/tools/r8/utils/n1;)V @ 302
Event: 530.874 Thread 0x000000001c6a7800 Uncommon trap: reason=unstable_if action=reinterpret pc=0x00000000054ae5a8 method=com.google.common.base.Objects.equal(Ljava/lang/Object;Ljava/lang/Object;)Z @ 6

Classes redefined (0 events):
No events

Internal exceptions (10 events):
Event: 530.201 Thread 0x0000000026fa0000 Implicit null exception at 0x000000000639de9c to 0x000000000639e2a2
Event: 530.265 Thread 0x0000000026fa3000 Exception <a 'sun/nio/fs/WindowsException'> (0x00000000e1d24b18) thrown at [C:\src\AOSP-openjdk-git\hotspot\src\share\vm\prims\jni.cpp, line 710]
Event: 530.281 Thread 0x000000001c6b2000 Exception <a 'sun/nio/fs/WindowsException'> (0x00000000e3d097f8) thrown at [C:\src\AOSP-openjdk-git\hotspot\src\share\vm\prims\jni.cpp, line 710]
Event: 530.297 Thread 0x0000000026fa0000 Exception <a 'sun/nio/fs/WindowsException'> (0x00000000e4c63870) thrown at [C:\src\AOSP-openjdk-git\hotspot\src\share\vm\prims\jni.cpp, line 710]
Event: 530.504 Thread 0x0000000026f9e800 Exception <a 'sun/nio/fs/WindowsException'> (0x00000000d6d16ca0) thrown at [C:\src\AOSP-openjdk-git\hotspot\src\share\vm\prims\jni.cpp, line 710]
Event: 530.551 Thread 0x000000001c6ac000 Exception <a 'sun/nio/fs/WindowsException'> (0x00000000db742e30) thrown at [C:\src\AOSP-openjdk-git\hotspot\src\share\vm\prims\jni.cpp, line 710]
Event: 530.563 Thread 0x0000000026f9e800 Exception <a 'sun/nio/fs/WindowsException'> (0x00000000dc889840) thrown at [C:\src\AOSP-openjdk-git\hotspot\src\share\vm\prims\jni.cpp, line 710]
Event: 530.607 Thread 0x000000001c6b4000 Exception <a 'sun/nio/fs/WindowsException'> (0x00000000de833240) thrown at [C:\src\AOSP-openjdk-git\hotspot\src\share\vm\prims\jni.cpp, line 710]
Event: 530.709 Thread 0x0000000026fa3000 Exception <a 'sun/nio/fs/WindowsException'> (0x00000000e76d3860) thrown at [C:\src\AOSP-openjdk-git\hotspot\src\share\vm\prims\jni.cpp, line 710]
Event: 530.874 Thread 0x000000001c6a7800 Implicit null exception at 0x00000000054ae17a to 0x00000000054ae58d

Events (10 events):
Event: 530.873 loading class com/android/build/gradle/internal/errors/MessageReceiverImpl$WhenMappings
Event: 530.873 loading class com/android/build/gradle/internal/errors/MessageReceiverImpl$WhenMappings done
Event: 530.874 loading class com/android/build/gradle/internal/errors/MessageReceiverImplKt
Event: 530.874 loading class com/android/build/gradle/internal/errors/MessageReceiverImplKt done
Event: 530.874 Thread 0x000000001c6a7800 Uncommon trap: trap_request=0xffffff65 fr.pc=0x00000000054ae5a8
Event: 530.874 Thread 0x000000001c6a7800 DEOPT PACKING pc=0x00000000054ae5a8 sp=0x00000000244baea0
Event: 530.874 Thread 0x000000001c6a7800 DEOPT UNPACKING pc=0x000000000298557b sp=0x00000000244bad48 mode 2
Event: 530.874 Thread 0x000000001c6a6000 DEOPT PACKING pc=0x0000000005eef2b2 sp=0x00000000243b9720
Event: 530.874 Thread 0x000000001c6a6000 DEOPT UNPACKING pc=0x00000000029871d0 sp=0x00000000243b9630 mode 0
Event: 530.879 Executing VM operation: ParallelGCFailedAllocation


Dynamic libraries:
0x00007ff7a5800000 - 0x00007ff7a5831000 	C:\Program Files\Android\Android Studio\jre\bin\java.exe
0x00007ffd949e0000 - 0x00007ffd94bd0000 	C:\Windows\SYSTEM32\ntdll.dll
0x00007ffd94370000 - 0x00007ffd94422000 	C:\Windows\System32\KERNEL32.DLL
0x00007ffd91bb0000 - 0x00007ffd91e55000 	C:\Windows\System32\KERNELBASE.dll
0x00007ffd92a90000 - 0x00007ffd92b33000 	C:\Windows\System32\ADVAPI32.dll
0x00007ffd93a40000 - 0x00007ffd93ade000 	C:\Windows\System32\msvcrt.dll
0x00007ffd933b0000 - 0x00007ffd93447000 	C:\Windows\System32\sechost.dll
0x00007ffd93b40000 - 0x00007ffd93c5f000 	C:\Windows\System32\RPCRT4.dll
0x00007ffd94150000 - 0x00007ffd942e4000 	C:\Windows\System32\USER32.dll
0x00007ffd92a60000 - 0x00007ffd92a81000 	C:\Windows\System32\win32u.dll
0x00007ffd93d30000 - 0x00007ffd93d56000 	C:\Windows\System32\GDI32.dll
0x00007ffd91950000 - 0x00007ffd91ae8000 	C:\Windows\System32\gdi32full.dll
0x00007ffd91e60000 - 0x00007ffd91efe000 	C:\Windows\System32\msvcp_win.dll
0x00007ffd92850000 - 0x00007ffd9294a000 	C:\Windows\System32\ucrtbase.dll
0x00007ffd817a0000 - 0x00007ffd81a24000 	C:\Windows\WinSxS\amd64_microsoft.windows.common-controls_6595b64144ccf1df_6.0.18362.1440_none_9e7dbfb9e45e8e67\COMCTL32.dll
0x00007ffd936b0000 - 0x00007ffd939e6000 	C:\Windows\System32\combase.dll
0x00007ffd91af0000 - 0x00007ffd91b71000 	C:\Windows\System32\bcryptPrimitives.dll
0x00007ffd939f0000 - 0x00007ffd93a1e000 	C:\Windows\System32\IMM32.DLL
0x0000000069d80000 - 0x0000000069e52000 	C:\Program Files\Android\Android Studio\jre\jre\bin\msvcr100.dll
0x0000000069e60000 - 0x000000006a6ab000 	C:\Program Files\Android\Android Studio\jre\jre\bin\server\jvm.dll
0x00007ffd936a0000 - 0x00007ffd936a8000 	C:\Windows\System32\PSAPI.DLL
0x00007ffd766c0000 - 0x00007ffd766c9000 	C:\Windows\SYSTEM32\WSOCK32.dll
0x00007ffd8d7f0000 - 0x00007ffd8d814000 	C:\Windows\SYSTEM32\WINMM.dll
0x00007ffd87740000 - 0x00007ffd8774a000 	C:\Windows\SYSTEM32\VERSION.dll
0x00007ffd93cc0000 - 0x00007ffd93d2f000 	C:\Windows\System32\WS2_32.dll
0x00007ffd8d7c0000 - 0x00007ffd8d7ed000 	C:\Windows\SYSTEM32\WINMMBASE.dll
0x00007ffd91f00000 - 0x00007ffd91f4a000 	C:\Windows\System32\cfgmgr32.dll
0x00007ffd8d750000 - 0x00007ffd8d75f000 	C:\Program Files\Android\Android Studio\jre\jre\bin\verify.dll
0x00007ffd8d6b0000 - 0x00007ffd8d6d9000 	C:\Program Files\Android\Android Studio\jre\jre\bin\java.dll
0x00007ffd8c350000 - 0x00007ffd8c366000 	C:\Program Files\Android\Android Studio\jre\jre\bin\zip.dll
0x00007ffd92bf0000 - 0x00007ffd932d8000 	C:\Windows\System32\SHELL32.dll
0x00007ffd934b0000 - 0x00007ffd93557000 	C:\Windows\System32\shcore.dll
0x00007ffd91f70000 - 0x00007ffd926eb000 	C:\Windows\System32\windows.storage.dll
0x00007ffd91910000 - 0x00007ffd9192e000 	C:\Windows\System32\profapi.dll
0x00007ffd918c0000 - 0x00007ffd9190a000 	C:\Windows\System32\powrprof.dll
0x00007ffd91890000 - 0x00007ffd918a0000 	C:\Windows\System32\UMPDC.dll
0x00007ffd93450000 - 0x00007ffd934a2000 	C:\Windows\System32\shlwapi.dll
0x00007ffd918a0000 - 0x00007ffd918b1000 	C:\Windows\System32\kernel.appcore.dll
0x00007ffd91f50000 - 0x00007ffd91f67000 	C:\Windows\System32\cryptsp.dll
0x00007ffd8bdc0000 - 0x00007ffd8bdda000 	C:\Program Files\Android\Android Studio\jre\jre\bin\net.dll
0x00007ffd91080000 - 0x00007ffd910e7000 	C:\Windows\system32\mswsock.dll
0x00007ffd80210000 - 0x00007ffd80223000 	C:\Program Files\Android\Android Studio\jre\jre\bin\nio.dll
0x00007ffd70d60000 - 0x00007ffd70d87000 	C:\Users\andrew.cornish\.gradle\native\f6784746aeab05261644944871eae4fe03e0ef1612fff0a4a95f87b438bc6780\windows-amd64\native-platform.dll
0x00007ffd8d680000 - 0x00007ffd8d68d000 	C:\Program Files\Android\Android Studio\jre\jre\bin\management.dll
0x00007ffd909a0000 - 0x00007ffd909d3000 	C:\Windows\system32\rsaenh.dll
0x00007ffd91b80000 - 0x00007ffd91ba6000 	C:\Windows\System32\bcrypt.dll
0x00007ffd917b0000 - 0x00007ffd917d5000 	C:\Windows\SYSTEM32\USERENV.dll
0x00007ffd91200000 - 0x00007ffd9120c000 	C:\Windows\SYSTEM32\CRYPTBASE.dll
0x00007ffd90da0000 - 0x00007ffd90dda000 	C:\Windows\SYSTEM32\IPHLPAPI.DLL
0x00007ffd94360000 - 0x00007ffd94368000 	C:\Windows\System32\NSI.dll
0x00007ffd89520000 - 0x00007ffd89536000 	C:\Windows\SYSTEM32\dhcpcsvc6.DLL
0x00007ffd894d0000 - 0x00007ffd894ec000 	C:\Windows\SYSTEM32\dhcpcsvc.DLL
0x00007ffd90de0000 - 0x00007ffd90eab000 	C:\Windows\SYSTEM32\DNSAPI.dll
0x00007ffd89040000 - 0x00007ffd8904b000 	C:\Windows\SYSTEM32\WINNSI.DLL
0x00007ffd71990000 - 0x00007ffd719b4000 	C:\Program Files\Android\Android Studio\jre\jre\bin\sunec.dll
0x00007ffd8a9b0000 - 0x00007ffd8a9ba000 	C:\Windows\System32\rasadhlp.dll
0x00007ffd88080000 - 0x00007ffd880f7000 	C:\Windows\System32\fwpuclnt.dll
0x00007ffd8c340000 - 0x00007ffd8c34b000 	C:\Program Files\Android\Android Studio\jre\jre\bin\sunmscapi.dll
0x00007ffd926f0000 - 0x00007ffd92841000 	C:\Windows\System32\CRYPT32.dll
0x00007ffd91930000 - 0x00007ffd91942000 	C:\Windows\System32\MSASN1.dll
0x00007ffd90600000 - 0x00007ffd90631000 	C:\Windows\SYSTEM32\ntmarta.dll
0x00007ffd719c0000 - 0x00007ffd71b5c000 	C:\Program Files\Android\Android Studio\jre\jre\bin\awt.dll
0x00007ffd932e0000 - 0x00007ffd933a5000 	C:\Windows\System32\OLEAUT32.dll
0x00007ffd8fa60000 - 0x00007ffd8fa8d000 	C:\Windows\SYSTEM32\dwmapi.dll
0x00007ffd8d8f0000 - 0x00007ffd8deb0000 	C:\Windows\SYSTEM32\d2d1.dll
0x00007ffd8f450000 - 0x00007ffd8f4df000 	C:\Windows\SYSTEM32\apphelp.dll
0x00007ffd8f590000 - 0x00007ffd8f629000 	C:\Windows\system32\uxtheme.dll

VM Arguments:
jvm_args: -Xmx2048m -Dfile.encoding=UTF-8 -Duser.country=US -Duser.language=en -Duser.variant 
java_command: org.gradle.launcher.daemon.bootstrap.GradleDaemon 6.5
java_class_path (initial): C:\Users\andrew.cornish\.gradle\wrapper\dists\gradle-6.5-bin\6nifqtx7604sqp1q6g8wikw7p\gradle-6.5\lib\gradle-launcher-6.5.jar
Launcher Type: SUN_STANDARD

Environment Variables:
PATH=C:\Program Files (x86)\Common Files\Oracle\Java\javapath;C:\Windows\system32;C:\Windows;C:\Windows\System32\Wbem;C:\Windows\System32\WindowsPowerShell\v1.0\;C:\Windows\System32\OpenSSH\;C:\Program Files\Git\cmd;C:\mingw-w64\x86_64-8.1.0-posix-seh-rt_v6-rev0\mingw64;C:\MinGW\bin;C:\Program Files\dotnet\;C:\Program Files\Microsoft SQL Server\130\Tools\Binn\;C:\Program Files\Microsoft SQL Server\Client SDK\ODBC\170\Tools\Binn\;C:\Program Files (x86)\Microsoft SQL Server\150\DTS\Binn\;C:\Users\andrew.cornish\AppData\Roaming\nvm;C:\Program Files\nodejs;C:\Program Files\Azure Data Studio\bin;C:\Program Files (x86)\dotnet\;C:\Users\andrew.cornish\AppData\Local\Programs\Python\Python38\Scripts\;C:\Users\andrew.cornish\AppData\Local\Programs\Python\Python38\;C:\Users\andrew.cornish\AppData\Local\Microsoft\WindowsApps;C:\texlive\2019\bin\win32;C:\Users\andrew.cornish\AppData\Local\Programs\Microsoft VS Code\bin;C:\Users\andrew.cornish\AppData\Local\GitHubDesktop\bin;C:\Users\andrew.cornish\AppData\Roaming\nvm;C:\Program Files\nodejs;C:\Program Files\Azure Data Studio\bin;C:\Users\andrew.cornish\.dotnet\tools
USERNAME=andrew.cornish
OS=Windows_NT
PROCESSOR_IDENTIFIER=AMD64 Family 23 Model 113 Stepping 0, AuthenticAMD



---------------  S Y S T E M  ---------------

OS: Windows 10.0 , 64 bit Build 18362 (10.0.18362.1350)

CPU:total 16 (initial active 16) (16 cores per cpu, 1 threads per core) family 23 model 113 stepping 0, cmov, cx8, fxsr, mmx, sse, sse2, sse3, ssse3, sse4.1, sse4.2, popcnt, avx, avx2, aes, clmul, mmxext, 3dnowpref, lzcnt, sse4a, tsc, tscinvbit, tscinv, bmi1

Memory: 4k page, physical 33467336k(6438052k free), swap 34515912k(5248k free)

vm_info: OpenJDK 64-Bit Server VM (25.242-b01) for windows-amd64 JRE (1.8.0_242-release-1644-b01), built by "builder" with MS VC++ 10.0 (VS2010)

time: Mon Mar 22 15:53:01 2021
timezone: Pacific Daylight Time
elapsed time: 530 seconds (0d 0h 8m 50s)

